***** Section <default> *****
Stats: size=65  blocks=65  symbols=9  literals=0  relocations=0
Blocks
    name        start   size  #ins #dir #sto
    <default>   00000  00041    18    3    5
Symbols
    name        hex       dec  scope     kind      type      description
    diff     000035        53  local     relative  data      label
    halt     000029        41  local     relative  code      label
    mod      00003E        62  local     relative  data      label
    prod     000038        56  local     relative  data      label
    prog     000000         0  exported  relative  code      label
    quot     00003B        59  local     relative  data      label
    sum      000032        50  local     relative  data      label
    x        00002C        44  local     relative  data      label
    y        00002F        47  local     relative  data      label
Literals
    label   definition
Relocations
    address length flag symbol
