***** Section <default> *****
Stats: size=78  blocks=78  symbols=9  literals=0  relocations=0
Blocks
    name        start   size  #ins #dir #sto
    <default>   00000  0004E    19    3    5
Symbols
    name        hex       dec  scope     kind      type      description
    diff     000042        66  local     relative  data      label
    halt     000036        54  local     relative  code      label
    mod      00004B        75  local     relative  data      label
    prod     000045        69  local     relative  data      label
    prog     000000         0  exported  relative  code      label
    quot     000048        72  local     relative  data      label
    sum      00003F        63  local     relative  data      label
    x        000039        57  local     relative  data      label
    y        00003C        60  local     relative  data      label
Literals
    label   definition
Relocations
    address length flag symbol
