***** Section <default> *****
Stats: size=53  blocks=53  symbols=9  literals=0  relocations=0
Blocks
    name        start   size  #ins #dir #sto
    <default>   00000  00035    12    7    1
Symbols
    name        hex       dec  scope     kind      type      description
    a0       000023        35  local     relative  data      label
    a1       000026        38  local     relative  data      label
    a2       000029        41  local     relative  data      label
    a3       00002C        44  local     relative  data      label
    a4       00002F        47  local     relative  data      label
    halt     00001D        29  local     relative  code      label
    poly     000000         0  exported  relative  code      label
    res      000032        50  local     relative  data      label
    x        000020        32  local     relative  data      label
Literals
    label   definition
Relocations
    address length flag symbol
